<?xml version="1.0" encoding="UTF-8"?>
<!-- Generated by org.testng.reporters.JUnitXMLReporter -->
<testsuite ignored="8" hostname="DESKTOP-8HNL9IM" failures="0" tests="1" name="Surefire test" time="8.225" errors="0" timestamp="07 янв. 2023 17:35:11 GMT">
  <testcase classname="secxndary_framework.test.OzByTest" name="GiftCardTest" time="6.59"/>
  <testcase classname="secxndary_framework.test.OzByTest" name="OrderCall_ShouldReturnError_WhenUserName_IsLongerThan100Symbols" time="0.0">
    <ignored/>
  </testcase> <!-- OrderCall_ShouldReturnError_WhenUserName_IsLongerThan100Symbols -->
  <testcase classname="secxndary_framework.test.OzByTest" name="AddressAdding_ShouldReturnError_WhenAddressIsNonExistent" time="0.0">
    <ignored/>
  </testcase> <!-- AddressAdding_ShouldReturnError_WhenAddressIsNonExistent -->
  <testcase classname="secxndary_framework.test.OzByTest" name="TextFeedbackForm_ShouldReturnError_WhenMessage_IsLongerThan100Symbols" time="0.0">
    <ignored/>
  </testcase> <!-- TextFeedbackForm_ShouldReturnError_WhenMessage_IsLongerThan100Symbols -->
  <testcase classname="secxndary_framework.test.OzByTest" name="CourierDelivery_ShouldShowAddressInput" time="0.0">
    <ignored/>
  </testcase> <!-- CourierDelivery_ShouldShowAddressInput -->
  <testcase classname="secxndary_framework.test.OzByTest" name="SearchPage_ShouldShowSearchResults" time="0.0">
    <ignored/>
  </testcase> <!-- SearchPage_ShouldShowSearchResults -->
  <testcase classname="secxndary_framework.test.OzByTest" name="LeaveComment_ShouldReturnError_WhenTheCommentTextLength_IsMoreThan300Symbols" time="0.0">
    <ignored/>
  </testcase> <!-- LeaveComment_ShouldReturnError_WhenTheCommentTextLength_IsMoreThan300Symbols -->
  <testcase classname="secxndary_framework.test.OzByTest" name="SearchFilter_ShouldShowFilterResults" time="0.0">
    <ignored/>
  </testcase> <!-- SearchFilter_ShouldShowFilterResults -->
  <testcase classname="secxndary_framework.test.OzByTest" name="EnterNumberOfGoods_ShouldReturnError_WhenNumberOfGoods_IsMoreThan99" time="0.0">
    <ignored/>
  </testcase> <!-- EnterNumberOfGoods_ShouldReturnError_WhenNumberOfGoods_IsMoreThan99 -->
</testsuite> <!-- Surefire test -->
