<?xml version="1.0" encoding="UTF-8"?>
<testng-results ignored="9" total="10" passed="1" failed="0" skipped="0">
  <reporter-output>
  </reporter-output>
  <suite started-at="2023-01-07T18:09:45Z" name="Surefire suite" finished-at="2023-01-07T18:09:52Z" duration-ms="6095">
    <groups>
    </groups>
    <test started-at="2023-01-07T18:09:45Z" name="Surefire test" finished-at="2023-01-07T18:09:52Z" duration-ms="6095">
      <class name="secxndary_framework.test.OzByTest">
        <test-method is-config="true" signature="setUp()[pri:0, instance:secxndary_framework.test.OzByTest@1c72da34]" started-at="2023-01-07T18:09:46Z" name="setUp" finished-at="2023-01-07T18:09:47Z" duration-ms="1429" status="PASS">
          <reporter-output>
          </reporter-output>
        </test-method> <!-- setUp -->
        <test-method signature="LogoutButton_ShouldLogOutFromAccount_WhenClicked()[pri:0, instance:secxndary_framework.test.OzByTest@1c72da34]" started-at="2023-01-07T18:09:47Z" name="LogoutButton_ShouldLogOutFromAccount_WhenClicked" finished-at="2023-01-07T18:09:51Z" duration-ms="4528" status="PASS">
          <reporter-output>
          </reporter-output>
        </test-method> <!-- LogoutButton_ShouldLogOutFromAccount_WhenClicked -->
        <test-method is-config="true" signature="stopBrowser()[pri:0, instance:secxndary_framework.test.OzByTest@1c72da34]" started-at="2023-01-07T18:09:51Z" name="stopBrowser" finished-at="2023-01-07T18:09:52Z" duration-ms="122" status="PASS">
          <reporter-output>
          </reporter-output>
        </test-method> <!-- stopBrowser -->
      </class> <!-- secxndary_framework.test.OzByTest -->
    </test> <!-- Surefire test -->
  </suite> <!-- Surefire suite -->
</testng-results>
