<?xml version="1.0" encoding="UTF-8"?>
<testng-results ignored="7" total="8" passed="1" failed="0" skipped="0">
  <reporter-output>
  </reporter-output>
  <suite started-at="2022-12-21T07:50:28Z" name="Surefire suite" finished-at="2022-12-21T07:50:37Z" duration-ms="8353">
    <groups>
    </groups>
    <test started-at="2022-12-21T07:50:28Z" name="Surefire test" finished-at="2022-12-21T07:50:37Z" duration-ms="8353">
      <class name="secxndary_framework.test.OzByTest">
        <test-method is-config="true" signature="setUp()[pri:0, instance:secxndary_framework.test.OzByTest@16267862]" started-at="2022-12-21T07:50:28Z" name="setUp" finished-at="2022-12-21T07:50:30Z" duration-ms="1392" status="PASS">
          <reporter-output>
          </reporter-output>
        </test-method> <!-- setUp -->
        <test-method signature="EnterNumberOfGoods_ShouldReturnError_WhenNumberOfGoods_IsMoreThan99()[pri:0, instance:secxndary_framework.test.OzByTest@16267862]" started-at="2022-12-21T07:50:30Z" name="EnterNumberOfGoods_ShouldReturnError_WhenNumberOfGoods_IsMoreThan99" finished-at="2022-12-21T07:50:37Z" duration-ms="6826" status="PASS">
          <reporter-output>
          </reporter-output>
        </test-method> <!-- EnterNumberOfGoods_ShouldReturnError_WhenNumberOfGoods_IsMoreThan99 -->
        <test-method is-config="true" signature="stopBrowser()[pri:0, instance:secxndary_framework.test.OzByTest@16267862]" started-at="2022-12-21T07:50:37Z" name="stopBrowser" finished-at="2022-12-21T07:50:37Z" duration-ms="124" status="PASS">
          <reporter-output>
          </reporter-output>
        </test-method> <!-- stopBrowser -->
      </class> <!-- secxndary_framework.test.OzByTest -->
    </test> <!-- Surefire test -->
  </suite> <!-- Surefire suite -->
</testng-results>
