<?xml version="1.0" encoding="UTF-8"?>
<testng-results ignored="8" total="9" passed="1" failed="0" skipped="0">
  <reporter-output>
  </reporter-output>
  <suite started-at="2023-01-07T17:35:02Z" name="Surefire suite" finished-at="2023-01-07T17:35:11Z" duration-ms="8225">
    <groups>
    </groups>
    <test started-at="2023-01-07T17:35:02Z" name="Surefire test" finished-at="2023-01-07T17:35:11Z" duration-ms="8225">
      <class name="secxndary_framework.test.OzByTest">
        <test-method is-config="true" signature="setUp()[pri:0, instance:secxndary_framework.test.OzByTest@20435c40]" started-at="2023-01-07T17:35:02Z" name="setUp" finished-at="2023-01-07T17:35:04Z" duration-ms="1488" status="PASS">
          <reporter-output>
          </reporter-output>
        </test-method> <!-- setUp -->
        <test-method signature="GiftCardTest()[pri:0, instance:secxndary_framework.test.OzByTest@20435c40]" started-at="2023-01-07T17:35:04Z" name="GiftCardTest" finished-at="2023-01-07T17:35:10Z" duration-ms="6590" status="PASS">
          <reporter-output>
          </reporter-output>
        </test-method> <!-- GiftCardTest -->
        <test-method is-config="true" signature="stopBrowser()[pri:0, instance:secxndary_framework.test.OzByTest@20435c40]" started-at="2023-01-07T17:35:10Z" name="stopBrowser" finished-at="2023-01-07T17:35:11Z" duration-ms="134" status="PASS">
          <reporter-output>
          </reporter-output>
        </test-method> <!-- stopBrowser -->
      </class> <!-- secxndary_framework.test.OzByTest -->
    </test> <!-- Surefire test -->
  </suite> <!-- Surefire suite -->
</testng-results>
